[2024-11-28 16:09:09] ACTION: CLEAR_LOG
[2024-11-29 20:34:57] ACTION: LOGIN_SUCCESSFULL
[2024-11-29 20:41:30] ACTION: EXITED_PROGRAM
[2024-11-29 20:47:59] ACTION: LOGIN_SUCCESSFULL
[2024-11-29 20:48:34] ACTION: VIEW_PASSWORDS
[2024-11-29 20:50:14] ACTION: EXITED_PROGRAM
[2024-11-29 20:50:23] ACTION: LOGIN_SUCCESSFULL
[2024-11-29 20:50:48] ACTION: LOGIN_SUCCESSFULL
[2024-11-29 20:52:09] ACTION: EXITED_PROGRAM
[2024-11-29 20:52:15] ACTION: LOGIN_SUCCESSFULL
[2024-11-29 20:53:07] ACTION: LOGIN_SUCCESSFULL
[2024-11-29 20:54:07] ACTION: EXITED_PROGRAM
[2024-11-29 20:54:12] ACTION: LOGIN_SUCCESSFULL
[2024-11-29 20:55:03] ACTION: VIEW_PASSWORDS
[2024-11-29 20:55:11] ACTION: ADD_PASSWORD | ACCOUNT: joe
[2024-11-29 20:56:21] ACTION: EXITED_PROGRAM
[2024-11-29 20:56:26] ACTION: LOGIN_SUCCESSFULL
[2024-11-29 20:56:32] ACTION: ADD_PASSWORD | ACCOUNT: asd
[2024-11-29 20:56:56] ACTION: EXITED_PROGRAM
[2024-11-29 20:57:02] ACTION: LOGIN_SUCCESSFULL
[2024-11-29 20:57:08] ACTION: ADD_PASSWORD | ACCOUNT: joe
[2024-11-29 20:57:40] ACTION: VIEW_PASSWORDS
[2024-11-29 20:58:08] ACTION: DELETE_PASSWORD | ACCOUNT: joe
[2024-11-29 20:58:16] ACTION: DELETE_PASSWORD | ACCOUNT: asd
[2024-11-29 20:58:19] ACTION: DELETE_PASSWORD | ACCOUNT: joe
[2024-11-29 20:58:22] ACTION: EXITED_PROGRAM
[2024-11-29 20:59:11] ACTION: LOGIN_SUCCESSFULL
[2024-11-29 21:00:07] ACTION: LOGIN_SUCCESSFULL
[2024-11-29 21:00:32] ACTION: ADD_PASSWORD | ACCOUNT: joe
[2024-11-29 21:00:40] ACTION: DELETE_PASSWORD | ACCOUNT: joe
[2024-11-29 21:00:40] ACTION: DELETE_PASSWORD | ACCOUNT: joe
[2024-11-29 21:00:40] ACTION: DELETE_PASSWORD | ACCOUNT: joe
[2024-11-29 21:01:00] ACTION: EXITED_PROGRAM
[2024-11-29 21:01:06] ACTION: LOGIN_SUCCESSFULL
[2024-11-29 21:01:09] ACTION: ADD_PASSWORD | ACCOUNT: joe
[2024-11-29 21:01:15] ACTION: DELETE_PASSWORD | ACCOUNT: joe
[2024-11-29 21:01:17] ACTION: EXITED_PROGRAM
